<?xml version="1.0" encoding="UTF-8"?>
<testng-results skipped="0" failed="0" ignored="0" total="1" passed="1">
  <reporter-output>
  </reporter-output>
  <suite name="Default suite" duration-ms="54238" started-at="2019-02-11T13:43:51Z" finished-at="2019-02-11T13:44:45Z">
    <groups>
    </groups>
    <test name="Default test" duration-ms="54238" started-at="2019-02-11T13:43:51Z" finished-at="2019-02-11T13:44:45Z">
      <class name="com.durgasoft.selenium.testNG.programs.DynamicWebCalender">
        <test-method status="PASS" signature="beforeTest()[pri:0, instance:com.durgasoft.selenium.testNG.programs.DynamicWebCalender@5ed828d]" name="beforeTest" is-config="true" duration-ms="16502" started-at="2019-02-11T13:43:51Z" finished-at="2019-02-11T13:44:07Z">
          <reporter-output>
          </reporter-output>
        </test-method> <!-- beforeTest -->
        <test-method status="PASS" signature="f()[pri:0, instance:com.durgasoft.selenium.testNG.programs.DynamicWebCalender@5ed828d]" name="f" duration-ms="37686" started-at="2019-02-11T13:44:07Z" finished-at="2019-02-11T13:44:45Z">
          <reporter-output>
          </reporter-output>
        </test-method> <!-- f -->
      </class> <!-- com.durgasoft.selenium.testNG.programs.DynamicWebCalender -->
    </test> <!-- Default test -->
  </suite> <!-- Default suite -->
</testng-results>
